The system is: Linux - 6.16.12+deb14+1-amd64 - x86_64
Compiling the CXX compiler identification source file "CMakeCXXCompilerId.cpp" succeeded.
Compiler: /usr/bin/c++ 
Build flags: 
Id flags:  

The output was:
0


Compilation of the CXX compiler identification source "CMakeCXXCompilerId.cpp" produced "a.out"

The CXX compiler identification is GNU, found in "/home/dean/advancedMath/elipticCurves/build/CMakeFiles/3.25.1/CompilerIdCXX/a.out"

Detecting CXX compiler ABI info compiled with the following output:
Change Dir: /home/dean/advancedMath/elipticCurves/build/CMakeFiles/CMakeScratch/TryCompile-KgOD0t

Run Build Command(s):/usr/bin/gmake -f Makefile cmTC_7e349/fast && /usr/bin/gmake  -f CMakeFiles/cmTC_7e349.dir/build.make CMakeFiles/cmTC_7e349.dir/build
gmake[1]: Entering directory '/home/dean/advancedMath/elipticCurves/build/CMakeFiles/CMakeScratch/TryCompile-KgOD0t'
Building CXX object CMakeFiles/cmTC_7e349.dir/CMakeCXXCompilerABI.cpp.o
/usr/bin/c++   -v -o CMakeFiles/cmTC_7e349.dir/CMakeCXXCompilerABI.cpp.o -c /usr/share/cmake-3.25/Modules/CMakeCXXCompilerABI.cpp
Using built-in specs.
COLLECT_GCC=/usr/bin/c++
OFFLOAD_TARGET_NAMES=nvptx-none:amdgcn-amdhsa
OFFLOAD_TARGET_DEFAULT=1
Target: x86_64-linux-gnu
Configured with: ../src/configure -v --with-pkgversion='Debian 15.2.0-12' --with-bugurl=file:///usr/share/doc/gcc-15/README.Bugs --enable-languages=c,ada,c++,go,d,fortran,objc,obj-c++,m2,rust,cobol,algol68 --prefix=/usr --with-gcc-major-version-only --program-suffix=-15 --program-prefix=x86_64-linux-gnu- --enable-shared --enable-linker-build-id --libexecdir=/usr/libexec --without-included-gettext --enable-threads=posix --libdir=/usr/lib --enable-nls --enable-bootstrap --enable-clocale=gnu --enable-libstdcxx-debug --enable-libstdcxx-time=yes --with-default-libstdcxx-abi=new --enable-libstdcxx-backtrace --enable-gnu-unique-object --disable-vtable-verify --enable-plugin --enable-default-pie --with-system-zlib --enable-libphobos-checking=release --with-target-system-zlib=auto --enable-objc-gc=auto --enable-multiarch --disable-werror --enable-cet --with-arch-32=i686 --with-abi=m64 --with-multilib-list=m32,m64,mx32 --enable-multilib --with-tune=generic --enable-offload-targets=nvptx-none=/build/reproducible-path/gcc-15-15.2.0/debian/tmp-nvptx/usr,amdgcn-amdhsa=/build/reproducible-path/gcc-15-15.2.0/debian/tmp-gcn/usr --enable-offload-defaulted --without-cuda-driver --enable-checking=release --build=x86_64-linux-gnu --host=x86_64-linux-gnu --target=x86_64-linux-gnu --with-build-config=bootstrap-lto-lean --enable-link-serialization=3
Thread model: posix
Supported LTO compression algorithms: zlib zstd
gcc version 15.2.0 (Debian 15.2.0-12) 
COLLECT_GCC_OPTIONS='-v' '-o' 'CMakeFiles/cmTC_7e349.dir/CMakeCXXCompilerABI.cpp.o' '-c' '-shared-libgcc' '-mtune=generic' '-march=x86-64' '-dumpdir' 'CMakeFiles/cmTC_7e349.dir/'
 /usr/libexec/gcc/x86_64-linux-gnu/15/cc1plus -quiet -v -imultiarch x86_64-linux-gnu -D_GNU_SOURCE /usr/share/cmake-3.25/Modules/CMakeCXXCompilerABI.cpp -quiet -dumpdir CMakeFiles/cmTC_7e349.dir/ -dumpbase CMakeCXXCompilerABI.cpp.cpp -dumpbase-ext .cpp -mtune=generic -march=x86-64 -version -fasynchronous-unwind-tables -o /tmp/ccf9nLXi.s
GNU C++17 (Debian 15.2.0-12) version 15.2.0 (x86_64-linux-gnu)
	compiled by GNU C version 15.2.0, GMP version 6.3.0, MPFR version 4.2.2, MPC version 1.3.1, isl version isl-0.27-GMP

GGC heuristics: --param ggc-min-expand=100 --param ggc-min-heapsize=131072
ignoring duplicate directory "/usr/include/x86_64-linux-gnu/c++/15"
ignoring nonexistent directory "/usr/local/include/x86_64-linux-gnu"
ignoring nonexistent directory "/usr/lib/gcc/x86_64-linux-gnu/15/include-fixed/x86_64-linux-gnu"
ignoring nonexistent directory "/usr/lib/gcc/x86_64-linux-gnu/15/include-fixed"
ignoring nonexistent directory "/usr/lib/gcc/x86_64-linux-gnu/15/../../../../x86_64-linux-gnu/include"
#include "..." search starts here:
#include <...> search starts here:
 /usr/include/c++/15
 /usr/include/x86_64-linux-gnu/c++/15
 /usr/include/c++/15/backward
 /usr/lib/gcc/x86_64-linux-gnu/15/include
 /usr/local/include
 /usr/include/x86_64-linux-gnu
 /usr/include
End of search list.
Compiler executable checksum: 29468db35871282898de3542d56981b0
COLLECT_GCC_OPTIONS='-v' '-o' 'CMakeFiles/cmTC_7e349.dir/CMakeCXXCompilerABI.cpp.o' '-c' '-shared-libgcc' '-mtune=generic' '-march=x86-64' '-dumpdir' 'CMakeFiles/cmTC_7e349.dir/'
 /usr/bin/x86_64-linux-gnu-as -v --64 -o CMakeFiles/cmTC_7e349.dir/CMakeCXXCompilerABI.cpp.o /tmp/ccf9nLXi.s
GNU assembler version 2.45 (x86_64-linux-gnu) using BFD version (GNU Binutils for Debian) 2.45
COMPILER_PATH=/usr/libexec/gcc/x86_64-linux-gnu/15/:/usr/libexec/gcc/x86_64-linux-gnu/15/:/usr/libexec/gcc/x86_64-linux-gnu/:/usr/lib/gcc/x86_64-linux-gnu/15/:/usr/lib/gcc/x86_64-linux-gnu/
LIBRARY_PATH=/usr/lib/gcc/x86_64-linux-gnu/15/:/usr/lib/gcc/x86_64-linux-gnu/15/../../../x86_64-linux-gnu/:/usr/lib/gcc/x86_64-linux-gnu/15/../../../../lib/:/lib/x86_64-linux-gnu/:/lib/../lib/:/usr/lib/x86_64-linux-gnu/:/usr/lib/../lib/:/usr/lib/gcc/x86_64-linux-gnu/15/../../../:/lib/:/usr/lib/
COLLECT_GCC_OPTIONS='-v' '-o' 'CMakeFiles/cmTC_7e349.dir/CMakeCXXCompilerABI.cpp.o' '-c' '-shared-libgcc' '-mtune=generic' '-march=x86-64' '-dumpdir' 'CMakeFiles/cmTC_7e349.dir/CMakeCXXCompilerABI.cpp.'
Linking CXX executable cmTC_7e349
/usr/bin/cmake -E cmake_link_script CMakeFiles/cmTC_7e349.dir/link.txt --verbose=1
/usr/bin/c++  -v CMakeFiles/cmTC_7e349.dir/CMakeCXXCompilerABI.cpp.o -o cmTC_7e349 
Using built-in specs.
COLLECT_GCC=/usr/bin/c++
COLLECT_LTO_WRAPPER=/usr/libexec/gcc/x86_64-linux-gnu/15/lto-wrapper
OFFLOAD_TARGET_NAMES=nvptx-none:amdgcn-amdhsa
OFFLOAD_TARGET_DEFAULT=1
Target: x86_64-linux-gnu
Configured with: ../src/configure -v --with-pkgversion='Debian 15.2.0-12' --with-bugurl=file:///usr/share/doc/gcc-15/README.Bugs --enable-languages=c,ada,c++,go,d,fortran,objc,obj-c++,m2,rust,cobol,algol68 --prefix=/usr --with-gcc-major-version-only --program-suffix=-15 --program-prefix=x86_64-linux-gnu- --enable-shared --enable-linker-build-id --libexecdir=/usr/libexec --without-included-gettext --enable-threads=posix --libdir=/usr/lib --enable-nls --enable-bootstrap --enable-clocale=gnu --enable-libstdcxx-debug --enable-libstdcxx-time=yes --with-default-libstdcxx-abi=new --enable-libstdcxx-backtrace --enable-gnu-unique-object --disable-vtable-verify --enable-plugin --enable-default-pie --with-system-zlib --enable-libphobos-checking=release --with-target-system-zlib=auto --enable-objc-gc=auto --enable-multiarch --disable-werror --enable-cet --with-arch-32=i686 --with-abi=m64 --with-multilib-list=m32,m64,mx32 --enable-multilib --with-tune=generic --enable-offload-targets=nvptx-none=/build/reproducible-path/gcc-15-15.2.0/debian/tmp-nvptx/usr,amdgcn-amdhsa=/build/reproducible-path/gcc-15-15.2.0/debian/tmp-gcn/usr --enable-offload-defaulted --without-cuda-driver --enable-checking=release --build=x86_64-linux-gnu --host=x86_64-linux-gnu --target=x86_64-linux-gnu --with-build-config=bootstrap-lto-lean --enable-link-serialization=3
Thread model: posix
Supported LTO compression algorithms: zlib zstd
gcc version 15.2.0 (Debian 15.2.0-12) 
COMPILER_PATH=/usr/libexec/gcc/x86_64-linux-gnu/15/:/usr/libexec/gcc/x86_64-linux-gnu/15/:/usr/libexec/gcc/x86_64-linux-gnu/:/usr/lib/gcc/x86_64-linux-gnu/15/:/usr/lib/gcc/x86_64-linux-gnu/
LIBRARY_PATH=/usr/lib/gcc/x86_64-linux-gnu/15/:/usr/lib/gcc/x86_64-linux-gnu/15/../../../x86_64-linux-gnu/:/usr/lib/gcc/x86_64-linux-gnu/15/../../../../lib/:/lib/x86_64-linux-gnu/:/lib/../lib/:/usr/lib/x86_64-linux-gnu/:/usr/lib/../lib/:/usr/lib/gcc/x86_64-linux-gnu/15/../../../:/lib/:/usr/lib/
COLLECT_GCC_OPTIONS='-v' '-o' 'cmTC_7e349' '-foffload-options=-l_GCC_stdc++' '-foffload-options=-l_GCC_m' '-shared-libgcc' '-mtune=generic' '-march=x86-64' '-dumpdir' 'cmTC_7e349.'
 /usr/libexec/gcc/x86_64-linux-gnu/15/collect2 -plugin /usr/libexec/gcc/x86_64-linux-gnu/15/liblto_plugin.so -plugin-opt=/usr/libexec/gcc/x86_64-linux-gnu/15/lto-wrapper -plugin-opt=-fresolution=/tmp/ccNy8AGJ.res -plugin-opt=-pass-through=-lgcc_s -plugin-opt=-pass-through=-lgcc -plugin-opt=-pass-through=-lc -plugin-opt=-pass-through=-lgcc_s -plugin-opt=-pass-through=-lgcc --build-id --eh-frame-hdr -m elf_x86_64 --hash-style=gnu --as-needed -dynamic-linker /lib64/ld-linux-x86-64.so.2 -pie -o cmTC_7e349 /usr/lib/gcc/x86_64-linux-gnu/15/../../../x86_64-linux-gnu/Scrt1.o /usr/lib/gcc/x86_64-linux-gnu/15/../../../x86_64-linux-gnu/crti.o /usr/lib/gcc/x86_64-linux-gnu/15/crtbeginS.o -L/usr/lib/gcc/x86_64-linux-gnu/15 -L/usr/lib/gcc/x86_64-linux-gnu/15/../../../x86_64-linux-gnu -L/usr/lib/gcc/x86_64-linux-gnu/15/../../../../lib -L/lib/x86_64-linux-gnu -L/lib/../lib -L/usr/lib/x86_64-linux-gnu -L/usr/lib/../lib -L/usr/lib/gcc/x86_64-linux-gnu/15/../../.. -L/lib -L/usr/lib CMakeFiles/cmTC_7e349.dir/CMakeCXXCompilerABI.cpp.o -lstdc++ -lm -lgcc_s -lgcc -lc -lgcc_s -lgcc /usr/lib/gcc/x86_64-linux-gnu/15/crtendS.o /usr/lib/gcc/x86_64-linux-gnu/15/../../../x86_64-linux-gnu/crtn.o
COLLECT_GCC_OPTIONS='-v' '-o' 'cmTC_7e349' '-foffload-options=-l_GCC_stdc++' '-foffload-options=-l_GCC_m' '-shared-libgcc' '-mtune=generic' '-march=x86-64' '-dumpdir' 'cmTC_7e349.'
gmake[1]: Leaving directory '/home/dean/advancedMath/elipticCurves/build/CMakeFiles/CMakeScratch/TryCompile-KgOD0t'



Parsed CXX implicit include dir info from above output: rv=done
  found start of include info
  found start of implicit include info
    add: [/usr/include/c++/15]
    add: [/usr/include/x86_64-linux-gnu/c++/15]
    add: [/usr/include/c++/15/backward]
    add: [/usr/lib/gcc/x86_64-linux-gnu/15/include]
    add: [/usr/local/include]
    add: [/usr/include/x86_64-linux-gnu]
    add: [/usr/include]
  end of search list found
  collapse include dir [/usr/include/c++/15] ==> [/usr/include/c++/15]
  collapse include dir [/usr/include/x86_64-linux-gnu/c++/15] ==> [/usr/include/x86_64-linux-gnu/c++/15]
  collapse include dir [/usr/include/c++/15/backward] ==> [/usr/include/c++/15/backward]
  collapse include dir [/usr/lib/gcc/x86_64-linux-gnu/15/include] ==> [/usr/lib/gcc/x86_64-linux-gnu/15/include]
  collapse include dir [/usr/local/include] ==> [/usr/local/include]
  collapse include dir [/usr/include/x86_64-linux-gnu] ==> [/usr/include/x86_64-linux-gnu]
  collapse include dir [/usr/include] ==> [/usr/include]
  implicit include dirs: [/usr/include/c++/15;/usr/include/x86_64-linux-gnu/c++/15;/usr/include/c++/15/backward;/usr/lib/gcc/x86_64-linux-gnu/15/include;/usr/local/include;/usr/include/x86_64-linux-gnu;/usr/include]


Parsed CXX implicit link information from above output:
  link line regex: [^( *|.*[/\])(ld|CMAKE_LINK_STARTFILE-NOTFOUND|([^/\]+-)?ld|collect2)[^/\]*( |$)]
  ignore line: [Change Dir: /home/dean/advancedMath/elipticCurves/build/CMakeFiles/CMakeScratch/TryCompile-KgOD0t]
  ignore line: []
  ignore line: [Run Build Command(s):/usr/bin/gmake -f Makefile cmTC_7e349/fast && /usr/bin/gmake  -f CMakeFiles/cmTC_7e349.dir/build.make CMakeFiles/cmTC_7e349.dir/build]
  ignore line: [gmake[1]: Entering directory '/home/dean/advancedMath/elipticCurves/build/CMakeFiles/CMakeScratch/TryCompile-KgOD0t']
  ignore line: [Building CXX object CMakeFiles/cmTC_7e349.dir/CMakeCXXCompilerABI.cpp.o]
  ignore line: [/usr/bin/c++   -v -o CMakeFiles/cmTC_7e349.dir/CMakeCXXCompilerABI.cpp.o -c /usr/share/cmake-3.25/Modules/CMakeCXXCompilerABI.cpp]
  ignore line: [Using built-in specs.]
  ignore line: [COLLECT_GCC=/usr/bin/c++]
  ignore line: [OFFLOAD_TARGET_NAMES=nvptx-none:amdgcn-amdhsa]
  ignore line: [OFFLOAD_TARGET_DEFAULT=1]
  ignore line: [Target: x86_64-linux-gnu]
  ignore line: [Configured with: ../src/configure -v --with-pkgversion='Debian 15.2.0-12' --with-bugurl=file:///usr/share/doc/gcc-15/README.Bugs --enable-languages=c ada c++ go d fortran objc obj-c++ m2 rust cobol algol68 --prefix=/usr --with-gcc-major-version-only --program-suffix=-15 --program-prefix=x86_64-linux-gnu- --enable-shared --enable-linker-build-id --libexecdir=/usr/libexec --without-included-gettext --enable-threads=posix --libdir=/usr/lib --enable-nls --enable-bootstrap --enable-clocale=gnu --enable-libstdcxx-debug --enable-libstdcxx-time=yes --with-default-libstdcxx-abi=new --enable-libstdcxx-backtrace --enable-gnu-unique-object --disable-vtable-verify --enable-plugin --enable-default-pie --with-system-zlib --enable-libphobos-checking=release --with-target-system-zlib=auto --enable-objc-gc=auto --enable-multiarch --disable-werror --enable-cet --with-arch-32=i686 --with-abi=m64 --with-multilib-list=m32 m64 mx32 --enable-multilib --with-tune=generic --enable-offload-targets=nvptx-none=/build/reproducible-path/gcc-15-15.2.0/debian/tmp-nvptx/usr amdgcn-amdhsa=/build/reproducible-path/gcc-15-15.2.0/debian/tmp-gcn/usr --enable-offload-defaulted --without-cuda-driver --enable-checking=release --build=x86_64-linux-gnu --host=x86_64-linux-gnu --target=x86_64-linux-gnu --with-build-config=bootstrap-lto-lean --enable-link-serialization=3]
  ignore line: [Thread model: posix]
  ignore line: [Supported LTO compression algorithms: zlib zstd]
  ignore line: [gcc version 15.2.0 (Debian 15.2.0-12) ]
  ignore line: [COLLECT_GCC_OPTIONS='-v' '-o' 'CMakeFiles/cmTC_7e349.dir/CMakeCXXCompilerABI.cpp.o' '-c' '-shared-libgcc' '-mtune=generic' '-march=x86-64' '-dumpdir' 'CMakeFiles/cmTC_7e349.dir/']
  ignore line: [ /usr/libexec/gcc/x86_64-linux-gnu/15/cc1plus -quiet -v -imultiarch x86_64-linux-gnu -D_GNU_SOURCE /usr/share/cmake-3.25/Modules/CMakeCXXCompilerABI.cpp -quiet -dumpdir CMakeFiles/cmTC_7e349.dir/ -dumpbase CMakeCXXCompilerABI.cpp.cpp -dumpbase-ext .cpp -mtune=generic -march=x86-64 -version -fasynchronous-unwind-tables -o /tmp/ccf9nLXi.s]
  ignore line: [GNU C++17 (Debian 15.2.0-12) version 15.2.0 (x86_64-linux-gnu)]
  ignore line: [	compiled by GNU C version 15.2.0  GMP version 6.3.0  MPFR version 4.2.2  MPC version 1.3.1  isl version isl-0.27-GMP]
  ignore line: []
  ignore line: [GGC heuristics: --param ggc-min-expand=100 --param ggc-min-heapsize=131072]
  ignore line: [ignoring duplicate directory "/usr/include/x86_64-linux-gnu/c++/15"]
  ignore line: [ignoring nonexistent directory "/usr/local/include/x86_64-linux-gnu"]
  ignore line: [ignoring nonexistent directory "/usr/lib/gcc/x86_64-linux-gnu/15/include-fixed/x86_64-linux-gnu"]
  ignore line: [ignoring nonexistent directory "/usr/lib/gcc/x86_64-linux-gnu/15/include-fixed"]
  ignore line: [ignoring nonexistent directory "/usr/lib/gcc/x86_64-linux-gnu/15/../../../../x86_64-linux-gnu/include"]
  ignore line: [#include "..." search starts here:]
  ignore line: [#include <...> search starts here:]
  ignore line: [ /usr/include/c++/15]
  ignore line: [ /usr/include/x86_64-linux-gnu/c++/15]
  ignore line: [ /usr/include/c++/15/backward]
  ignore line: [ /usr/lib/gcc/x86_64-linux-gnu/15/include]
  ignore line: [ /usr/local/include]
  ignore line: [ /usr/include/x86_64-linux-gnu]
  ignore line: [ /usr/include]
  ignore line: [End of search list.]
  ignore line: [Compiler executable checksum: 29468db35871282898de3542d56981b0]
  ignore line: [COLLECT_GCC_OPTIONS='-v' '-o' 'CMakeFiles/cmTC_7e349.dir/CMakeCXXCompilerABI.cpp.o' '-c' '-shared-libgcc' '-mtune=generic' '-march=x86-64' '-dumpdir' 'CMakeFiles/cmTC_7e349.dir/']
  ignore line: [ /usr/bin/x86_64-linux-gnu-as -v --64 -o CMakeFiles/cmTC_7e349.dir/CMakeCXXCompilerABI.cpp.o /tmp/ccf9nLXi.s]
  ignore line: [GNU assembler version 2.45 (x86_64-linux-gnu) using BFD version (GNU Binutils for Debian) 2.45]
  ignore line: [COMPILER_PATH=/usr/libexec/gcc/x86_64-linux-gnu/15/:/usr/libexec/gcc/x86_64-linux-gnu/15/:/usr/libexec/gcc/x86_64-linux-gnu/:/usr/lib/gcc/x86_64-linux-gnu/15/:/usr/lib/gcc/x86_64-linux-gnu/]
  ignore line: [LIBRARY_PATH=/usr/lib/gcc/x86_64-linux-gnu/15/:/usr/lib/gcc/x86_64-linux-gnu/15/../../../x86_64-linux-gnu/:/usr/lib/gcc/x86_64-linux-gnu/15/../../../../lib/:/lib/x86_64-linux-gnu/:/lib/../lib/:/usr/lib/x86_64-linux-gnu/:/usr/lib/../lib/:/usr/lib/gcc/x86_64-linux-gnu/15/../../../:/lib/:/usr/lib/]
  ignore line: [COLLECT_GCC_OPTIONS='-v' '-o' 'CMakeFiles/cmTC_7e349.dir/CMakeCXXCompilerABI.cpp.o' '-c' '-shared-libgcc' '-mtune=generic' '-march=x86-64' '-dumpdir' 'CMakeFiles/cmTC_7e349.dir/CMakeCXXCompilerABI.cpp.']
  ignore line: [Linking CXX executable cmTC_7e349]
  ignore line: [/usr/bin/cmake -E cmake_link_script CMakeFiles/cmTC_7e349.dir/link.txt --verbose=1]
  ignore line: [/usr/bin/c++  -v CMakeFiles/cmTC_7e349.dir/CMakeCXXCompilerABI.cpp.o -o cmTC_7e349 ]
  ignore line: [Using built-in specs.]
  ignore line: [COLLECT_GCC=/usr/bin/c++]
  ignore line: [COLLECT_LTO_WRAPPER=/usr/libexec/gcc/x86_64-linux-gnu/15/lto-wrapper]
  ignore line: [OFFLOAD_TARGET_NAMES=nvptx-none:amdgcn-amdhsa]
  ignore line: [OFFLOAD_TARGET_DEFAULT=1]
  ignore line: [Target: x86_64-linux-gnu]
  ignore line: [Configured with: ../src/configure -v --with-pkgversion='Debian 15.2.0-12' --with-bugurl=file:///usr/share/doc/gcc-15/README.Bugs --enable-languages=c ada c++ go d fortran objc obj-c++ m2 rust cobol algol68 --prefix=/usr --with-gcc-major-version-only --program-suffix=-15 --program-prefix=x86_64-linux-gnu- --enable-shared --enable-linker-build-id --libexecdir=/usr/libexec --without-included-gettext --enable-threads=posix --libdir=/usr/lib --enable-nls --enable-bootstrap --enable-clocale=gnu --enable-libstdcxx-debug --enable-libstdcxx-time=yes --with-default-libstdcxx-abi=new --enable-libstdcxx-backtrace --enable-gnu-unique-object --disable-vtable-verify --enable-plugin --enable-default-pie --with-system-zlib --enable-libphobos-checking=release --with-target-system-zlib=auto --enable-objc-gc=auto --enable-multiarch --disable-werror --enable-cet --with-arch-32=i686 --with-abi=m64 --with-multilib-list=m32 m64 mx32 --enable-multilib --with-tune=generic --enable-offload-targets=nvptx-none=/build/reproducible-path/gcc-15-15.2.0/debian/tmp-nvptx/usr amdgcn-amdhsa=/build/reproducible-path/gcc-15-15.2.0/debian/tmp-gcn/usr --enable-offload-defaulted --without-cuda-driver --enable-checking=release --build=x86_64-linux-gnu --host=x86_64-linux-gnu --target=x86_64-linux-gnu --with-build-config=bootstrap-lto-lean --enable-link-serialization=3]
  ignore line: [Thread model: posix]
  ignore line: [Supported LTO compression algorithms: zlib zstd]
  ignore line: [gcc version 15.2.0 (Debian 15.2.0-12) ]
  ignore line: [COMPILER_PATH=/usr/libexec/gcc/x86_64-linux-gnu/15/:/usr/libexec/gcc/x86_64-linux-gnu/15/:/usr/libexec/gcc/x86_64-linux-gnu/:/usr/lib/gcc/x86_64-linux-gnu/15/:/usr/lib/gcc/x86_64-linux-gnu/]
  ignore line: [LIBRARY_PATH=/usr/lib/gcc/x86_64-linux-gnu/15/:/usr/lib/gcc/x86_64-linux-gnu/15/../../../x86_64-linux-gnu/:/usr/lib/gcc/x86_64-linux-gnu/15/../../../../lib/:/lib/x86_64-linux-gnu/:/lib/../lib/:/usr/lib/x86_64-linux-gnu/:/usr/lib/../lib/:/usr/lib/gcc/x86_64-linux-gnu/15/../../../:/lib/:/usr/lib/]
  ignore line: [COLLECT_GCC_OPTIONS='-v' '-o' 'cmTC_7e349' '-foffload-options=-l_GCC_stdc++' '-foffload-options=-l_GCC_m' '-shared-libgcc' '-mtune=generic' '-march=x86-64' '-dumpdir' 'cmTC_7e349.']
  link line: [ /usr/libexec/gcc/x86_64-linux-gnu/15/collect2 -plugin /usr/libexec/gcc/x86_64-linux-gnu/15/liblto_plugin.so -plugin-opt=/usr/libexec/gcc/x86_64-linux-gnu/15/lto-wrapper -plugin-opt=-fresolution=/tmp/ccNy8AGJ.res -plugin-opt=-pass-through=-lgcc_s -plugin-opt=-pass-through=-lgcc -plugin-opt=-pass-through=-lc -plugin-opt=-pass-through=-lgcc_s -plugin-opt=-pass-through=-lgcc --build-id --eh-frame-hdr -m elf_x86_64 --hash-style=gnu --as-needed -dynamic-linker /lib64/ld-linux-x86-64.so.2 -pie -o cmTC_7e349 /usr/lib/gcc/x86_64-linux-gnu/15/../../../x86_64-linux-gnu/Scrt1.o /usr/lib/gcc/x86_64-linux-gnu/15/../../../x86_64-linux-gnu/crti.o /usr/lib/gcc/x86_64-linux-gnu/15/crtbeginS.o -L/usr/lib/gcc/x86_64-linux-gnu/15 -L/usr/lib/gcc/x86_64-linux-gnu/15/../../../x86_64-linux-gnu -L/usr/lib/gcc/x86_64-linux-gnu/15/../../../../lib -L/lib/x86_64-linux-gnu -L/lib/../lib -L/usr/lib/x86_64-linux-gnu -L/usr/lib/../lib -L/usr/lib/gcc/x86_64-linux-gnu/15/../../.. -L/lib -L/usr/lib CMakeFiles/cmTC_7e349.dir/CMakeCXXCompilerABI.cpp.o -lstdc++ -lm -lgcc_s -lgcc -lc -lgcc_s -lgcc /usr/lib/gcc/x86_64-linux-gnu/15/crtendS.o /usr/lib/gcc/x86_64-linux-gnu/15/../../../x86_64-linux-gnu/crtn.o]
    arg [/usr/libexec/gcc/x86_64-linux-gnu/15/collect2] ==> ignore
    arg [-plugin] ==> ignore
    arg [/usr/libexec/gcc/x86_64-linux-gnu/15/liblto_plugin.so] ==> ignore
    arg [-plugin-opt=/usr/libexec/gcc/x86_64-linux-gnu/15/lto-wrapper] ==> ignore
    arg [-plugin-opt=-fresolution=/tmp/ccNy8AGJ.res] ==> ignore
    arg [-plugin-opt=-pass-through=-lgcc_s] ==> ignore
    arg [-plugin-opt=-pass-through=-lgcc] ==> ignore
    arg [-plugin-opt=-pass-through=-lc] ==> ignore
    arg [-plugin-opt=-pass-through=-lgcc_s] ==> ignore
    arg [-plugin-opt=-pass-through=-lgcc] ==> ignore
    arg [--build-id] ==> ignore
    arg [--eh-frame-hdr] ==> ignore
    arg [-m] ==> ignore
    arg [elf_x86_64] ==> ignore
    arg [--hash-style=gnu] ==> ignore
    arg [--as-needed] ==> ignore
    arg [-dynamic-linker] ==> ignore
    arg [/lib64/ld-linux-x86-64.so.2] ==> ignore
    arg [-pie] ==> ignore
    arg [-o] ==> ignore
    arg [cmTC_7e349] ==> ignore
    arg [/usr/lib/gcc/x86_64-linux-gnu/15/../../../x86_64-linux-gnu/Scrt1.o] ==> obj [/usr/lib/gcc/x86_64-linux-gnu/15/../../../x86_64-linux-gnu/Scrt1.o]
    arg [/usr/lib/gcc/x86_64-linux-gnu/15/../../../x86_64-linux-gnu/crti.o] ==> obj [/usr/lib/gcc/x86_64-linux-gnu/15/../../../x86_64-linux-gnu/crti.o]
    arg [/usr/lib/gcc/x86_64-linux-gnu/15/crtbeginS.o] ==> obj [/usr/lib/gcc/x86_64-linux-gnu/15/crtbeginS.o]
    arg [-L/usr/lib/gcc/x86_64-linux-gnu/15] ==> dir [/usr/lib/gcc/x86_64-linux-gnu/15]
    arg [-L/usr/lib/gcc/x86_64-linux-gnu/15/../../../x86_64-linux-gnu] ==> dir [/usr/lib/gcc/x86_64-linux-gnu/15/../../../x86_64-linux-gnu]
    arg [-L/usr/lib/gcc/x86_64-linux-gnu/15/../../../../lib] ==> dir [/usr/lib/gcc/x86_64-linux-gnu/15/../../../../lib]
    arg [-L/lib/x86_64-linux-gnu] ==> dir [/lib/x86_64-linux-gnu]
    arg [-L/lib/../lib] ==> dir [/lib/../lib]
    arg [-L/usr/lib/x86_64-linux-gnu] ==> dir [/usr/lib/x86_64-linux-gnu]
    arg [-L/usr/lib/../lib] ==> dir [/usr/lib/../lib]
    arg [-L/usr/lib/gcc/x86_64-linux-gnu/15/../../..] ==> dir [/usr/lib/gcc/x86_64-linux-gnu/15/../../..]
    arg [-L/lib] ==> dir [/lib]
    arg [-L/usr/lib] ==> dir [/usr/lib]
    arg [CMakeFiles/cmTC_7e349.dir/CMakeCXXCompilerABI.cpp.o] ==> ignore
    arg [-lstdc++] ==> lib [stdc++]
    arg [-lm] ==> lib [m]
    arg [-lgcc_s] ==> lib [gcc_s]
    arg [-lgcc] ==> lib [gcc]
    arg [-lc] ==> lib [c]
    arg [-lgcc_s] ==> lib [gcc_s]
    arg [-lgcc] ==> lib [gcc]
    arg [/usr/lib/gcc/x86_64-linux-gnu/15/crtendS.o] ==> obj [/usr/lib/gcc/x86_64-linux-gnu/15/crtendS.o]
    arg [/usr/lib/gcc/x86_64-linux-gnu/15/../../../x86_64-linux-gnu/crtn.o] ==> obj [/usr/lib/gcc/x86_64-linux-gnu/15/../../../x86_64-linux-gnu/crtn.o]
  collapse obj [/usr/lib/gcc/x86_64-linux-gnu/15/../../../x86_64-linux-gnu/Scrt1.o] ==> [/usr/lib/x86_64-linux-gnu/Scrt1.o]
  collapse obj [/usr/lib/gcc/x86_64-linux-gnu/15/../../../x86_64-linux-gnu/crti.o] ==> [/usr/lib/x86_64-linux-gnu/crti.o]
  collapse obj [/usr/lib/gcc/x86_64-linux-gnu/15/../../../x86_64-linux-gnu/crtn.o] ==> [/usr/lib/x86_64-linux-gnu/crtn.o]
  collapse library dir [/usr/lib/gcc/x86_64-linux-gnu/15] ==> [/usr/lib/gcc/x86_64-linux-gnu/15]
  collapse library dir [/usr/lib/gcc/x86_64-linux-gnu/15/../../../x86_64-linux-gnu] ==> [/usr/lib/x86_64-linux-gnu]
  collapse library dir [/usr/lib/gcc/x86_64-linux-gnu/15/../../../../lib] ==> [/usr/lib]
  collapse library dir [/lib/x86_64-linux-gnu] ==> [/lib/x86_64-linux-gnu]
  collapse library dir [/lib/../lib] ==> [/lib]
  collapse library dir [/usr/lib/x86_64-linux-gnu] ==> [/usr/lib/x86_64-linux-gnu]
  collapse library dir [/usr/lib/../lib] ==> [/usr/lib]
  collapse library dir [/usr/lib/gcc/x86_64-linux-gnu/15/../../..] ==> [/usr/lib]
  collapse library dir [/lib] ==> [/lib]
  collapse library dir [/usr/lib] ==> [/usr/lib]
  implicit libs: [stdc++;m;gcc_s;gcc;c;gcc_s;gcc]
  implicit objs: [/usr/lib/x86_64-linux-gnu/Scrt1.o;/usr/lib/x86_64-linux-gnu/crti.o;/usr/lib/gcc/x86_64-linux-gnu/15/crtbeginS.o;/usr/lib/gcc/x86_64-linux-gnu/15/crtendS.o;/usr/lib/x86_64-linux-gnu/crtn.o]
  implicit dirs: [/usr/lib/gcc/x86_64-linux-gnu/15;/usr/lib/x86_64-linux-gnu;/usr/lib;/lib/x86_64-linux-gnu;/lib]
  implicit fwks: []


Compiling the C compiler identification source file "CMakeCCompilerId.c" succeeded.
Compiler: /usr/bin/cc 
Build flags: 
Id flags:  

The output was:
0


Compilation of the C compiler identification source "CMakeCCompilerId.c" produced "a.out"

The C compiler identification is GNU, found in "/home/dean/advancedMath/elipticCurves/build/CMakeFiles/3.25.1/CompilerIdC/a.out"

Detecting C compiler ABI info compiled with the following output:
Change Dir: /home/dean/advancedMath/elipticCurves/build/CMakeFiles/CMakeScratch/TryCompile-29ONXg

Run Build Command(s):/usr/bin/gmake -f Makefile cmTC_b1f2c/fast && /usr/bin/gmake  -f CMakeFiles/cmTC_b1f2c.dir/build.make CMakeFiles/cmTC_b1f2c.dir/build
gmake[1]: Entering directory '/home/dean/advancedMath/elipticCurves/build/CMakeFiles/CMakeScratch/TryCompile-29ONXg'
Building C object CMakeFiles/cmTC_b1f2c.dir/CMakeCCompilerABI.c.o
/usr/bin/cc   -v -o CMakeFiles/cmTC_b1f2c.dir/CMakeCCompilerABI.c.o -c /usr/share/cmake-3.25/Modules/CMakeCCompilerABI.c
Using built-in specs.
COLLECT_GCC=/usr/bin/cc
OFFLOAD_TARGET_NAMES=nvptx-none:amdgcn-amdhsa
OFFLOAD_TARGET_DEFAULT=1
Target: x86_64-linux-gnu
Configured with: ../src/configure -v --with-pkgversion='Debian 15.2.0-12' --with-bugurl=file:///usr/share/doc/gcc-15/README.Bugs --enable-languages=c,ada,c++,go,d,fortran,objc,obj-c++,m2,rust,cobol,algol68 --prefix=/usr --with-gcc-major-version-only --program-suffix=-15 --program-prefix=x86_64-linux-gnu- --enable-shared --enable-linker-build-id --libexecdir=/usr/libexec --without-included-gettext --enable-threads=posix --libdir=/usr/lib --enable-nls --enable-bootstrap --enable-clocale=gnu --enable-libstdcxx-debug --enable-libstdcxx-time=yes --with-default-libstdcxx-abi=new --enable-libstdcxx-backtrace --enable-gnu-unique-object --disable-vtable-verify --enable-plugin --enable-default-pie --with-system-zlib --enable-libphobos-checking=release --with-target-system-zlib=auto --enable-objc-gc=auto --enable-multiarch --disable-werror --enable-cet --with-arch-32=i686 --with-abi=m64 --with-multilib-list=m32,m64,mx32 --enable-multilib --with-tune=generic --enable-offload-targets=nvptx-none=/build/reproducible-path/gcc-15-15.2.0/debian/tmp-nvptx/usr,amdgcn-amdhsa=/build/reproducible-path/gcc-15-15.2.0/debian/tmp-gcn/usr --enable-offload-defaulted --without-cuda-driver --enable-checking=release --build=x86_64-linux-gnu --host=x86_64-linux-gnu --target=x86_64-linux-gnu --with-build-config=bootstrap-lto-lean --enable-link-serialization=3
Thread model: posix
Supported LTO compression algorithms: zlib zstd
gcc version 15.2.0 (Debian 15.2.0-12) 
COLLECT_GCC_OPTIONS='-v' '-o' 'CMakeFiles/cmTC_b1f2c.dir/CMakeCCompilerABI.c.o' '-c' '-mtune=generic' '-march=x86-64' '-dumpdir' 'CMakeFiles/cmTC_b1f2c.dir/'
 /usr/libexec/gcc/x86_64-linux-gnu/15/cc1 -quiet -v -imultiarch x86_64-linux-gnu /usr/share/cmake-3.25/Modules/CMakeCCompilerABI.c -quiet -dumpdir CMakeFiles/cmTC_b1f2c.dir/ -dumpbase CMakeCCompilerABI.c.c -dumpbase-ext .c -mtune=generic -march=x86-64 -version -fasynchronous-unwind-tables -o /tmp/ccHc0LBq.s
GNU C23 (Debian 15.2.0-12) version 15.2.0 (x86_64-linux-gnu)
	compiled by GNU C version 15.2.0, GMP version 6.3.0, MPFR version 4.2.2, MPC version 1.3.1, isl version isl-0.27-GMP

GGC heuristics: --param ggc-min-expand=100 --param ggc-min-heapsize=131072
ignoring nonexistent directory "/usr/local/include/x86_64-linux-gnu"
ignoring nonexistent directory "/usr/lib/gcc/x86_64-linux-gnu/15/include-fixed/x86_64-linux-gnu"
ignoring nonexistent directory "/usr/lib/gcc/x86_64-linux-gnu/15/include-fixed"
ignoring nonexistent directory "/usr/lib/gcc/x86_64-linux-gnu/15/../../../../x86_64-linux-gnu/include"
#include "..." search starts here:
#include <...> search starts here:
 /usr/lib/gcc/x86_64-linux-gnu/15/include
 /usr/local/include
 /usr/include/x86_64-linux-gnu
 /usr/include
End of search list.
Compiler executable checksum: 8da7c481a080359dd1ed3cf1ade62e78
COLLECT_GCC_OPTIONS='-v' '-o' 'CMakeFiles/cmTC_b1f2c.dir/CMakeCCompilerABI.c.o' '-c' '-mtune=generic' '-march=x86-64' '-dumpdir' 'CMakeFiles/cmTC_b1f2c.dir/'
 /usr/bin/x86_64-linux-gnu-as -v --64 -o CMakeFiles/cmTC_b1f2c.dir/CMakeCCompilerABI.c.o /tmp/ccHc0LBq.s
GNU assembler version 2.45 (x86_64-linux-gnu) using BFD version (GNU Binutils for Debian) 2.45
COMPILER_PATH=/usr/libexec/gcc/x86_64-linux-gnu/15/:/usr/libexec/gcc/x86_64-linux-gnu/15/:/usr/libexec/gcc/x86_64-linux-gnu/:/usr/lib/gcc/x86_64-linux-gnu/15/:/usr/lib/gcc/x86_64-linux-gnu/
LIBRARY_PATH=/usr/lib/gcc/x86_64-linux-gnu/15/:/usr/lib/gcc/x86_64-linux-gnu/15/../../../x86_64-linux-gnu/:/usr/lib/gcc/x86_64-linux-gnu/15/../../../../lib/:/lib/x86_64-linux-gnu/:/lib/../lib/:/usr/lib/x86_64-linux-gnu/:/usr/lib/../lib/:/usr/lib/gcc/x86_64-linux-gnu/15/../../../:/lib/:/usr/lib/
COLLECT_GCC_OPTIONS='-v' '-o' 'CMakeFiles/cmTC_b1f2c.dir/CMakeCCompilerABI.c.o' '-c' '-mtune=generic' '-march=x86-64' '-dumpdir' 'CMakeFiles/cmTC_b1f2c.dir/CMakeCCompilerABI.c.'
Linking C executable cmTC_b1f2c
/usr/bin/cmake -E cmake_link_script CMakeFiles/cmTC_b1f2c.dir/link.txt --verbose=1
/usr/bin/cc  -v CMakeFiles/cmTC_b1f2c.dir/CMakeCCompilerABI.c.o -o cmTC_b1f2c 
Using built-in specs.
COLLECT_GCC=/usr/bin/cc
COLLECT_LTO_WRAPPER=/usr/libexec/gcc/x86_64-linux-gnu/15/lto-wrapper
OFFLOAD_TARGET_NAMES=nvptx-none:amdgcn-amdhsa
OFFLOAD_TARGET_DEFAULT=1
Target: x86_64-linux-gnu
Configured with: ../src/configure -v --with-pkgversion='Debian 15.2.0-12' --with-bugurl=file:///usr/share/doc/gcc-15/README.Bugs --enable-languages=c,ada,c++,go,d,fortran,objc,obj-c++,m2,rust,cobol,algol68 --prefix=/usr --with-gcc-major-version-only --program-suffix=-15 --program-prefix=x86_64-linux-gnu- --enable-shared --enable-linker-build-id --libexecdir=/usr/libexec --without-included-gettext --enable-threads=posix --libdir=/usr/lib --enable-nls --enable-bootstrap --enable-clocale=gnu --enable-libstdcxx-debug --enable-libstdcxx-time=yes --with-default-libstdcxx-abi=new --enable-libstdcxx-backtrace --enable-gnu-unique-object --disable-vtable-verify --enable-plugin --enable-default-pie --with-system-zlib --enable-libphobos-checking=release --with-target-system-zlib=auto --enable-objc-gc=auto --enable-multiarch --disable-werror --enable-cet --with-arch-32=i686 --with-abi=m64 --with-multilib-list=m32,m64,mx32 --enable-multilib --with-tune=generic --enable-offload-targets=nvptx-none=/build/reproducible-path/gcc-15-15.2.0/debian/tmp-nvptx/usr,amdgcn-amdhsa=/build/reproducible-path/gcc-15-15.2.0/debian/tmp-gcn/usr --enable-offload-defaulted --without-cuda-driver --enable-checking=release --build=x86_64-linux-gnu --host=x86_64-linux-gnu --target=x86_64-linux-gnu --with-build-config=bootstrap-lto-lean --enable-link-serialization=3
Thread model: posix
Supported LTO compression algorithms: zlib zstd
gcc version 15.2.0 (Debian 15.2.0-12) 
COMPILER_PATH=/usr/libexec/gcc/x86_64-linux-gnu/15/:/usr/libexec/gcc/x86_64-linux-gnu/15/:/usr/libexec/gcc/x86_64-linux-gnu/:/usr/lib/gcc/x86_64-linux-gnu/15/:/usr/lib/gcc/x86_64-linux-gnu/
LIBRARY_PATH=/usr/lib/gcc/x86_64-linux-gnu/15/:/usr/lib/gcc/x86_64-linux-gnu/15/../../../x86_64-linux-gnu/:/usr/lib/gcc/x86_64-linux-gnu/15/../../../../lib/:/lib/x86_64-linux-gnu/:/lib/../lib/:/usr/lib/x86_64-linux-gnu/:/usr/lib/../lib/:/usr/lib/gcc/x86_64-linux-gnu/15/../../../:/lib/:/usr/lib/
COLLECT_GCC_OPTIONS='-v' '-o' 'cmTC_b1f2c' '-mtune=generic' '-march=x86-64' '-dumpdir' 'cmTC_b1f2c.'
 /usr/libexec/gcc/x86_64-linux-gnu/15/collect2 -plugin /usr/libexec/gcc/x86_64-linux-gnu/15/liblto_plugin.so -plugin-opt=/usr/libexec/gcc/x86_64-linux-gnu/15/lto-wrapper -plugin-opt=-fresolution=/tmp/ccdeg5hY.res -plugin-opt=-pass-through=-lgcc -plugin-opt=-pass-through=-lgcc_s -plugin-opt=-pass-through=-lc -plugin-opt=-pass-through=-lgcc -plugin-opt=-pass-through=-lgcc_s --build-id --eh-frame-hdr -m elf_x86_64 --hash-style=gnu --as-needed -dynamic-linker /lib64/ld-linux-x86-64.so.2 -pie -o cmTC_b1f2c /usr/lib/gcc/x86_64-linux-gnu/15/../../../x86_64-linux-gnu/Scrt1.o /usr/lib/gcc/x86_64-linux-gnu/15/../../../x86_64-linux-gnu/crti.o /usr/lib/gcc/x86_64-linux-gnu/15/crtbeginS.o -L/usr/lib/gcc/x86_64-linux-gnu/15 -L/usr/lib/gcc/x86_64-linux-gnu/15/../../../x86_64-linux-gnu -L/usr/lib/gcc/x86_64-linux-gnu/15/../../../../lib -L/lib/x86_64-linux-gnu -L/lib/../lib -L/usr/lib/x86_64-linux-gnu -L/usr/lib/../lib -L/usr/lib/gcc/x86_64-linux-gnu/15/../../.. -L/lib -L/usr/lib CMakeFiles/cmTC_b1f2c.dir/CMakeCCompilerABI.c.o -lgcc --push-state --as-needed -lgcc_s --pop-state -lc -lgcc --push-state --as-needed -lgcc_s --pop-state /usr/lib/gcc/x86_64-linux-gnu/15/crtendS.o /usr/lib/gcc/x86_64-linux-gnu/15/../../../x86_64-linux-gnu/crtn.o
COLLECT_GCC_OPTIONS='-v' '-o' 'cmTC_b1f2c' '-mtune=generic' '-march=x86-64' '-dumpdir' 'cmTC_b1f2c.'
gmake[1]: Leaving directory '/home/dean/advancedMath/elipticCurves/build/CMakeFiles/CMakeScratch/TryCompile-29ONXg'



Parsed C implicit include dir info from above output: rv=done
  found start of include info
  found start of implicit include info
    add: [/usr/lib/gcc/x86_64-linux-gnu/15/include]
    add: [/usr/local/include]
    add: [/usr/include/x86_64-linux-gnu]
    add: [/usr/include]
  end of search list found
  collapse include dir [/usr/lib/gcc/x86_64-linux-gnu/15/include] ==> [/usr/lib/gcc/x86_64-linux-gnu/15/include]
  collapse include dir [/usr/local/include] ==> [/usr/local/include]
  collapse include dir [/usr/include/x86_64-linux-gnu] ==> [/usr/include/x86_64-linux-gnu]
  collapse include dir [/usr/include] ==> [/usr/include]
  implicit include dirs: [/usr/lib/gcc/x86_64-linux-gnu/15/include;/usr/local/include;/usr/include/x86_64-linux-gnu;/usr/include]


Parsed C implicit link information from above output:
  link line regex: [^( *|.*[/\])(ld|CMAKE_LINK_STARTFILE-NOTFOUND|([^/\]+-)?ld|collect2)[^/\]*( |$)]
  ignore line: [Change Dir: /home/dean/advancedMath/elipticCurves/build/CMakeFiles/CMakeScratch/TryCompile-29ONXg]
  ignore line: []
  ignore line: [Run Build Command(s):/usr/bin/gmake -f Makefile cmTC_b1f2c/fast && /usr/bin/gmake  -f CMakeFiles/cmTC_b1f2c.dir/build.make CMakeFiles/cmTC_b1f2c.dir/build]
  ignore line: [gmake[1]: Entering directory '/home/dean/advancedMath/elipticCurves/build/CMakeFiles/CMakeScratch/TryCompile-29ONXg']
  ignore line: [Building C object CMakeFiles/cmTC_b1f2c.dir/CMakeCCompilerABI.c.o]
  ignore line: [/usr/bin/cc   -v -o CMakeFiles/cmTC_b1f2c.dir/CMakeCCompilerABI.c.o -c /usr/share/cmake-3.25/Modules/CMakeCCompilerABI.c]
  ignore line: [Using built-in specs.]
  ignore line: [COLLECT_GCC=/usr/bin/cc]
  ignore line: [OFFLOAD_TARGET_NAMES=nvptx-none:amdgcn-amdhsa]
  ignore line: [OFFLOAD_TARGET_DEFAULT=1]
  ignore line: [Target: x86_64-linux-gnu]
  ignore line: [Configured with: ../src/configure -v --with-pkgversion='Debian 15.2.0-12' --with-bugurl=file:///usr/share/doc/gcc-15/README.Bugs --enable-languages=c ada c++ go d fortran objc obj-c++ m2 rust cobol algol68 --prefix=/usr --with-gcc-major-version-only --program-suffix=-15 --program-prefix=x86_64-linux-gnu- --enable-shared --enable-linker-build-id --libexecdir=/usr/libexec --without-included-gettext --enable-threads=posix --libdir=/usr/lib --enable-nls --enable-bootstrap --enable-clocale=gnu --enable-libstdcxx-debug --enable-libstdcxx-time=yes --with-default-libstdcxx-abi=new --enable-libstdcxx-backtrace --enable-gnu-unique-object --disable-vtable-verify --enable-plugin --enable-default-pie --with-system-zlib --enable-libphobos-checking=release --with-target-system-zlib=auto --enable-objc-gc=auto --enable-multiarch --disable-werror --enable-cet --with-arch-32=i686 --with-abi=m64 --with-multilib-list=m32 m64 mx32 --enable-multilib --with-tune=generic --enable-offload-targets=nvptx-none=/build/reproducible-path/gcc-15-15.2.0/debian/tmp-nvptx/usr amdgcn-amdhsa=/build/reproducible-path/gcc-15-15.2.0/debian/tmp-gcn/usr --enable-offload-defaulted --without-cuda-driver --enable-checking=release --build=x86_64-linux-gnu --host=x86_64-linux-gnu --target=x86_64-linux-gnu --with-build-config=bootstrap-lto-lean --enable-link-serialization=3]
  ignore line: [Thread model: posix]
  ignore line: [Supported LTO compression algorithms: zlib zstd]
  ignore line: [gcc version 15.2.0 (Debian 15.2.0-12) ]
  ignore line: [COLLECT_GCC_OPTIONS='-v' '-o' 'CMakeFiles/cmTC_b1f2c.dir/CMakeCCompilerABI.c.o' '-c' '-mtune=generic' '-march=x86-64' '-dumpdir' 'CMakeFiles/cmTC_b1f2c.dir/']
  ignore line: [ /usr/libexec/gcc/x86_64-linux-gnu/15/cc1 -quiet -v -imultiarch x86_64-linux-gnu /usr/share/cmake-3.25/Modules/CMakeCCompilerABI.c -quiet -dumpdir CMakeFiles/cmTC_b1f2c.dir/ -dumpbase CMakeCCompilerABI.c.c -dumpbase-ext .c -mtune=generic -march=x86-64 -version -fasynchronous-unwind-tables -o /tmp/ccHc0LBq.s]
  ignore line: [GNU C23 (Debian 15.2.0-12) version 15.2.0 (x86_64-linux-gnu)]
  ignore line: [	compiled by GNU C version 15.2.0  GMP version 6.3.0  MPFR version 4.2.2  MPC version 1.3.1  isl version isl-0.27-GMP]
  ignore line: []
  ignore line: [GGC heuristics: --param ggc-min-expand=100 --param ggc-min-heapsize=131072]
  ignore line: [ignoring nonexistent directory "/usr/local/include/x86_64-linux-gnu"]
  ignore line: [ignoring nonexistent directory "/usr/lib/gcc/x86_64-linux-gnu/15/include-fixed/x86_64-linux-gnu"]
  ignore line: [ignoring nonexistent directory "/usr/lib/gcc/x86_64-linux-gnu/15/include-fixed"]
  ignore line: [ignoring nonexistent directory "/usr/lib/gcc/x86_64-linux-gnu/15/../../../../x86_64-linux-gnu/include"]
  ignore line: [#include "..." search starts here:]
  ignore line: [#include <...> search starts here:]
  ignore line: [ /usr/lib/gcc/x86_64-linux-gnu/15/include]
  ignore line: [ /usr/local/include]
  ignore line: [ /usr/include/x86_64-linux-gnu]
  ignore line: [ /usr/include]
  ignore line: [End of search list.]
  ignore line: [Compiler executable checksum: 8da7c481a080359dd1ed3cf1ade62e78]
  ignore line: [COLLECT_GCC_OPTIONS='-v' '-o' 'CMakeFiles/cmTC_b1f2c.dir/CMakeCCompilerABI.c.o' '-c' '-mtune=generic' '-march=x86-64' '-dumpdir' 'CMakeFiles/cmTC_b1f2c.dir/']
  ignore line: [ /usr/bin/x86_64-linux-gnu-as -v --64 -o CMakeFiles/cmTC_b1f2c.dir/CMakeCCompilerABI.c.o /tmp/ccHc0LBq.s]
  ignore line: [GNU assembler version 2.45 (x86_64-linux-gnu) using BFD version (GNU Binutils for Debian) 2.45]
  ignore line: [COMPILER_PATH=/usr/libexec/gcc/x86_64-linux-gnu/15/:/usr/libexec/gcc/x86_64-linux-gnu/15/:/usr/libexec/gcc/x86_64-linux-gnu/:/usr/lib/gcc/x86_64-linux-gnu/15/:/usr/lib/gcc/x86_64-linux-gnu/]
  ignore line: [LIBRARY_PATH=/usr/lib/gcc/x86_64-linux-gnu/15/:/usr/lib/gcc/x86_64-linux-gnu/15/../../../x86_64-linux-gnu/:/usr/lib/gcc/x86_64-linux-gnu/15/../../../../lib/:/lib/x86_64-linux-gnu/:/lib/../lib/:/usr/lib/x86_64-linux-gnu/:/usr/lib/../lib/:/usr/lib/gcc/x86_64-linux-gnu/15/../../../:/lib/:/usr/lib/]
  ignore line: [COLLECT_GCC_OPTIONS='-v' '-o' 'CMakeFiles/cmTC_b1f2c.dir/CMakeCCompilerABI.c.o' '-c' '-mtune=generic' '-march=x86-64' '-dumpdir' 'CMakeFiles/cmTC_b1f2c.dir/CMakeCCompilerABI.c.']
  ignore line: [Linking C executable cmTC_b1f2c]
  ignore line: [/usr/bin/cmake -E cmake_link_script CMakeFiles/cmTC_b1f2c.dir/link.txt --verbose=1]
  ignore line: [/usr/bin/cc  -v CMakeFiles/cmTC_b1f2c.dir/CMakeCCompilerABI.c.o -o cmTC_b1f2c ]
  ignore line: [Using built-in specs.]
  ignore line: [COLLECT_GCC=/usr/bin/cc]
  ignore line: [COLLECT_LTO_WRAPPER=/usr/libexec/gcc/x86_64-linux-gnu/15/lto-wrapper]
  ignore line: [OFFLOAD_TARGET_NAMES=nvptx-none:amdgcn-amdhsa]
  ignore line: [OFFLOAD_TARGET_DEFAULT=1]
  ignore line: [Target: x86_64-linux-gnu]
  ignore line: [Configured with: ../src/configure -v --with-pkgversion='Debian 15.2.0-12' --with-bugurl=file:///usr/share/doc/gcc-15/README.Bugs --enable-languages=c ada c++ go d fortran objc obj-c++ m2 rust cobol algol68 --prefix=/usr --with-gcc-major-version-only --program-suffix=-15 --program-prefix=x86_64-linux-gnu- --enable-shared --enable-linker-build-id --libexecdir=/usr/libexec --without-included-gettext --enable-threads=posix --libdir=/usr/lib --enable-nls --enable-bootstrap --enable-clocale=gnu --enable-libstdcxx-debug --enable-libstdcxx-time=yes --with-default-libstdcxx-abi=new --enable-libstdcxx-backtrace --enable-gnu-unique-object --disable-vtable-verify --enable-plugin --enable-default-pie --with-system-zlib --enable-libphobos-checking=release --with-target-system-zlib=auto --enable-objc-gc=auto --enable-multiarch --disable-werror --enable-cet --with-arch-32=i686 --with-abi=m64 --with-multilib-list=m32 m64 mx32 --enable-multilib --with-tune=generic --enable-offload-targets=nvptx-none=/build/reproducible-path/gcc-15-15.2.0/debian/tmp-nvptx/usr amdgcn-amdhsa=/build/reproducible-path/gcc-15-15.2.0/debian/tmp-gcn/usr --enable-offload-defaulted --without-cuda-driver --enable-checking=release --build=x86_64-linux-gnu --host=x86_64-linux-gnu --target=x86_64-linux-gnu --with-build-config=bootstrap-lto-lean --enable-link-serialization=3]
  ignore line: [Thread model: posix]
  ignore line: [Supported LTO compression algorithms: zlib zstd]
  ignore line: [gcc version 15.2.0 (Debian 15.2.0-12) ]
  ignore line: [COMPILER_PATH=/usr/libexec/gcc/x86_64-linux-gnu/15/:/usr/libexec/gcc/x86_64-linux-gnu/15/:/usr/libexec/gcc/x86_64-linux-gnu/:/usr/lib/gcc/x86_64-linux-gnu/15/:/usr/lib/gcc/x86_64-linux-gnu/]
  ignore line: [LIBRARY_PATH=/usr/lib/gcc/x86_64-linux-gnu/15/:/usr/lib/gcc/x86_64-linux-gnu/15/../../../x86_64-linux-gnu/:/usr/lib/gcc/x86_64-linux-gnu/15/../../../../lib/:/lib/x86_64-linux-gnu/:/lib/../lib/:/usr/lib/x86_64-linux-gnu/:/usr/lib/../lib/:/usr/lib/gcc/x86_64-linux-gnu/15/../../../:/lib/:/usr/lib/]
  ignore line: [COLLECT_GCC_OPTIONS='-v' '-o' 'cmTC_b1f2c' '-mtune=generic' '-march=x86-64' '-dumpdir' 'cmTC_b1f2c.']
  link line: [ /usr/libexec/gcc/x86_64-linux-gnu/15/collect2 -plugin /usr/libexec/gcc/x86_64-linux-gnu/15/liblto_plugin.so -plugin-opt=/usr/libexec/gcc/x86_64-linux-gnu/15/lto-wrapper -plugin-opt=-fresolution=/tmp/ccdeg5hY.res -plugin-opt=-pass-through=-lgcc -plugin-opt=-pass-through=-lgcc_s -plugin-opt=-pass-through=-lc -plugin-opt=-pass-through=-lgcc -plugin-opt=-pass-through=-lgcc_s --build-id --eh-frame-hdr -m elf_x86_64 --hash-style=gnu --as-needed -dynamic-linker /lib64/ld-linux-x86-64.so.2 -pie -o cmTC_b1f2c /usr/lib/gcc/x86_64-linux-gnu/15/../../../x86_64-linux-gnu/Scrt1.o /usr/lib/gcc/x86_64-linux-gnu/15/../../../x86_64-linux-gnu/crti.o /usr/lib/gcc/x86_64-linux-gnu/15/crtbeginS.o -L/usr/lib/gcc/x86_64-linux-gnu/15 -L/usr/lib/gcc/x86_64-linux-gnu/15/../../../x86_64-linux-gnu -L/usr/lib/gcc/x86_64-linux-gnu/15/../../../../lib -L/lib/x86_64-linux-gnu -L/lib/../lib -L/usr/lib/x86_64-linux-gnu -L/usr/lib/../lib -L/usr/lib/gcc/x86_64-linux-gnu/15/../../.. -L/lib -L/usr/lib CMakeFiles/cmTC_b1f2c.dir/CMakeCCompilerABI.c.o -lgcc --push-state --as-needed -lgcc_s --pop-state -lc -lgcc --push-state --as-needed -lgcc_s --pop-state /usr/lib/gcc/x86_64-linux-gnu/15/crtendS.o /usr/lib/gcc/x86_64-linux-gnu/15/../../../x86_64-linux-gnu/crtn.o]
    arg [/usr/libexec/gcc/x86_64-linux-gnu/15/collect2] ==> ignore
    arg [-plugin] ==> ignore
    arg [/usr/libexec/gcc/x86_64-linux-gnu/15/liblto_plugin.so] ==> ignore
    arg [-plugin-opt=/usr/libexec/gcc/x86_64-linux-gnu/15/lto-wrapper] ==> ignore
    arg [-plugin-opt=-fresolution=/tmp/ccdeg5hY.res] ==> ignore
    arg [-plugin-opt=-pass-through=-lgcc] ==> ignore
    arg [-plugin-opt=-pass-through=-lgcc_s] ==> ignore
    arg [-plugin-opt=-pass-through=-lc] ==> ignore
    arg [-plugin-opt=-pass-through=-lgcc] ==> ignore
    arg [-plugin-opt=-pass-through=-lgcc_s] ==> ignore
    arg [--build-id] ==> ignore
    arg [--eh-frame-hdr] ==> ignore
    arg [-m] ==> ignore
    arg [elf_x86_64] ==> ignore
    arg [--hash-style=gnu] ==> ignore
    arg [--as-needed] ==> ignore
    arg [-dynamic-linker] ==> ignore
    arg [/lib64/ld-linux-x86-64.so.2] ==> ignore
    arg [-pie] ==> ignore
    arg [-o] ==> ignore
    arg [cmTC_b1f2c] ==> ignore
    arg [/usr/lib/gcc/x86_64-linux-gnu/15/../../../x86_64-linux-gnu/Scrt1.o] ==> obj [/usr/lib/gcc/x86_64-linux-gnu/15/../../../x86_64-linux-gnu/Scrt1.o]
    arg [/usr/lib/gcc/x86_64-linux-gnu/15/../../../x86_64-linux-gnu/crti.o] ==> obj [/usr/lib/gcc/x86_64-linux-gnu/15/../../../x86_64-linux-gnu/crti.o]
    arg [/usr/lib/gcc/x86_64-linux-gnu/15/crtbeginS.o] ==> obj [/usr/lib/gcc/x86_64-linux-gnu/15/crtbeginS.o]
    arg [-L/usr/lib/gcc/x86_64-linux-gnu/15] ==> dir [/usr/lib/gcc/x86_64-linux-gnu/15]
    arg [-L/usr/lib/gcc/x86_64-linux-gnu/15/../../../x86_64-linux-gnu] ==> dir [/usr/lib/gcc/x86_64-linux-gnu/15/../../../x86_64-linux-gnu]
    arg [-L/usr/lib/gcc/x86_64-linux-gnu/15/../../../../lib] ==> dir [/usr/lib/gcc/x86_64-linux-gnu/15/../../../../lib]
    arg [-L/lib/x86_64-linux-gnu] ==> dir [/lib/x86_64-linux-gnu]
    arg [-L/lib/../lib] ==> dir [/lib/../lib]
    arg [-L/usr/lib/x86_64-linux-gnu] ==> dir [/usr/lib/x86_64-linux-gnu]
    arg [-L/usr/lib/../lib] ==> dir [/usr/lib/../lib]
    arg [-L/usr/lib/gcc/x86_64-linux-gnu/15/../../..] ==> dir [/usr/lib/gcc/x86_64-linux-gnu/15/../../..]
    arg [-L/lib] ==> dir [/lib]
    arg [-L/usr/lib] ==> dir [/usr/lib]
    arg [CMakeFiles/cmTC_b1f2c.dir/CMakeCCompilerABI.c.o] ==> ignore
    arg [-lgcc] ==> lib [gcc]
    arg [--push-state] ==> ignore
    arg [--as-needed] ==> ignore
    arg [-lgcc_s] ==> lib [gcc_s]
    arg [--pop-state] ==> ignore
    arg [-lc] ==> lib [c]
    arg [-lgcc] ==> lib [gcc]
    arg [--push-state] ==> ignore
    arg [--as-needed] ==> ignore
    arg [-lgcc_s] ==> lib [gcc_s]
    arg [--pop-state] ==> ignore
    arg [/usr/lib/gcc/x86_64-linux-gnu/15/crtendS.o] ==> obj [/usr/lib/gcc/x86_64-linux-gnu/15/crtendS.o]
    arg [/usr/lib/gcc/x86_64-linux-gnu/15/../../../x86_64-linux-gnu/crtn.o] ==> obj [/usr/lib/gcc/x86_64-linux-gnu/15/../../../x86_64-linux-gnu/crtn.o]
  collapse obj [/usr/lib/gcc/x86_64-linux-gnu/15/../../../x86_64-linux-gnu/Scrt1.o] ==> [/usr/lib/x86_64-linux-gnu/Scrt1.o]
  collapse obj [/usr/lib/gcc/x86_64-linux-gnu/15/../../../x86_64-linux-gnu/crti.o] ==> [/usr/lib/x86_64-linux-gnu/crti.o]
  collapse obj [/usr/lib/gcc/x86_64-linux-gnu/15/../../../x86_64-linux-gnu/crtn.o] ==> [/usr/lib/x86_64-linux-gnu/crtn.o]
  collapse library dir [/usr/lib/gcc/x86_64-linux-gnu/15] ==> [/usr/lib/gcc/x86_64-linux-gnu/15]
  collapse library dir [/usr/lib/gcc/x86_64-linux-gnu/15/../../../x86_64-linux-gnu] ==> [/usr/lib/x86_64-linux-gnu]
  collapse library dir [/usr/lib/gcc/x86_64-linux-gnu/15/../../../../lib] ==> [/usr/lib]
  collapse library dir [/lib/x86_64-linux-gnu] ==> [/lib/x86_64-linux-gnu]
  collapse library dir [/lib/../lib] ==> [/lib]
  collapse library dir [/usr/lib/x86_64-linux-gnu] ==> [/usr/lib/x86_64-linux-gnu]
  collapse library dir [/usr/lib/../lib] ==> [/usr/lib]
  collapse library dir [/usr/lib/gcc/x86_64-linux-gnu/15/../../..] ==> [/usr/lib]
  collapse library dir [/lib] ==> [/lib]
  collapse library dir [/usr/lib] ==> [/usr/lib]
  implicit libs: [gcc;gcc_s;c;gcc;gcc_s]
  implicit objs: [/usr/lib/x86_64-linux-gnu/Scrt1.o;/usr/lib/x86_64-linux-gnu/crti.o;/usr/lib/gcc/x86_64-linux-gnu/15/crtbeginS.o;/usr/lib/gcc/x86_64-linux-gnu/15/crtendS.o;/usr/lib/x86_64-linux-gnu/crtn.o]
  implicit dirs: [/usr/lib/gcc/x86_64-linux-gnu/15;/usr/lib/x86_64-linux-gnu;/usr/lib;/lib/x86_64-linux-gnu;/lib]
  implicit fwks: []


Performing C SOURCE FILE Test CMAKE_HAVE_LIBC_PTHREAD succeeded with the following output:
Change Dir: /home/dean/advancedMath/elipticCurves/build/CMakeFiles/CMakeScratch/TryCompile-vLhzrJ

Run Build Command(s):/usr/bin/gmake -f Makefile cmTC_38b8c/fast && /usr/bin/gmake  -f CMakeFiles/cmTC_38b8c.dir/build.make CMakeFiles/cmTC_38b8c.dir/build
gmake[1]: Entering directory '/home/dean/advancedMath/elipticCurves/build/CMakeFiles/CMakeScratch/TryCompile-vLhzrJ'
Building C object CMakeFiles/cmTC_38b8c.dir/src.c.o
/usr/bin/cc -DCMAKE_HAVE_LIBC_PTHREAD   -o CMakeFiles/cmTC_38b8c.dir/src.c.o -c /home/dean/advancedMath/elipticCurves/build/CMakeFiles/CMakeScratch/TryCompile-vLhzrJ/src.c
Linking C executable cmTC_38b8c
/usr/bin/cmake -E cmake_link_script CMakeFiles/cmTC_38b8c.dir/link.txt --verbose=1
/usr/bin/cc CMakeFiles/cmTC_38b8c.dir/src.c.o -o cmTC_38b8c 
gmake[1]: Leaving directory '/home/dean/advancedMath/elipticCurves/build/CMakeFiles/CMakeScratch/TryCompile-vLhzrJ'


Source file was:
#include <pthread.h>

static void* test_func(void* data)
{
  return data;
}

int main(void)
{
  pthread_t thread;
  pthread_create(&thread, NULL, test_func, NULL);
  pthread_detach(thread);
  pthread_cancel(thread);
  pthread_join(thread, NULL);
  pthread_atfork(NULL, NULL, NULL);
  pthread_exit(NULL);

  return 0;
}


Performing C++ SOURCE FILE Test COMPILER_HAS_HIDDEN_VISIBILITY succeeded with the following output:
Change Dir: /home/dean/advancedMath/elipticCurves/build/CMakeFiles/CMakeScratch/TryCompile-TVzmfW

Run Build Command(s):/usr/bin/gmake -f Makefile cmTC_8e026/fast && /usr/bin/gmake  -f CMakeFiles/cmTC_8e026.dir/build.make CMakeFiles/cmTC_8e026.dir/build
gmake[1]: Entering directory '/home/dean/advancedMath/elipticCurves/build/CMakeFiles/CMakeScratch/TryCompile-TVzmfW'
Building CXX object CMakeFiles/cmTC_8e026.dir/src.cxx.o
/usr/bin/c++ -DCOMPILER_HAS_HIDDEN_VISIBILITY  -fvisibility=hidden -std=gnu++11 -o CMakeFiles/cmTC_8e026.dir/src.cxx.o -c /home/dean/advancedMath/elipticCurves/build/CMakeFiles/CMakeScratch/TryCompile-TVzmfW/src.cxx
Linking CXX executable cmTC_8e026
/usr/bin/cmake -E cmake_link_script CMakeFiles/cmTC_8e026.dir/link.txt --verbose=1
/usr/bin/c++ CMakeFiles/cmTC_8e026.dir/src.cxx.o -o cmTC_8e026 
gmake[1]: Leaving directory '/home/dean/advancedMath/elipticCurves/build/CMakeFiles/CMakeScratch/TryCompile-TVzmfW'


Source file was:
int main() { return 0; }

Performing C++ SOURCE FILE Test COMPILER_HAS_HIDDEN_INLINE_VISIBILITY succeeded with the following output:
Change Dir: /home/dean/advancedMath/elipticCurves/build/CMakeFiles/CMakeScratch/TryCompile-PmAy4R

Run Build Command(s):/usr/bin/gmake -f Makefile cmTC_3b2e3/fast && /usr/bin/gmake  -f CMakeFiles/cmTC_3b2e3.dir/build.make CMakeFiles/cmTC_3b2e3.dir/build
gmake[1]: Entering directory '/home/dean/advancedMath/elipticCurves/build/CMakeFiles/CMakeScratch/TryCompile-PmAy4R'
Building CXX object CMakeFiles/cmTC_3b2e3.dir/src.cxx.o
/usr/bin/c++ -DCOMPILER_HAS_HIDDEN_INLINE_VISIBILITY  -fvisibility-inlines-hidden -std=gnu++11 -o CMakeFiles/cmTC_3b2e3.dir/src.cxx.o -c /home/dean/advancedMath/elipticCurves/build/CMakeFiles/CMakeScratch/TryCompile-PmAy4R/src.cxx
Linking CXX executable cmTC_3b2e3
/usr/bin/cmake -E cmake_link_script CMakeFiles/cmTC_3b2e3.dir/link.txt --verbose=1
/usr/bin/c++ CMakeFiles/cmTC_3b2e3.dir/src.cxx.o -o cmTC_3b2e3 
gmake[1]: Leaving directory '/home/dean/advancedMath/elipticCurves/build/CMakeFiles/CMakeScratch/TryCompile-PmAy4R'


Source file was:
int main() { return 0; }

Performing C++ SOURCE FILE Test COMPILER_HAS_DEPRECATED_ATTR succeeded with the following output:
Change Dir: /home/dean/advancedMath/elipticCurves/build/CMakeFiles/CMakeScratch/TryCompile-sgkKPF

Run Build Command(s):/usr/bin/gmake -f Makefile cmTC_5b3cb/fast && /usr/bin/gmake  -f CMakeFiles/cmTC_5b3cb.dir/build.make CMakeFiles/cmTC_5b3cb.dir/build
gmake[1]: Entering directory '/home/dean/advancedMath/elipticCurves/build/CMakeFiles/CMakeScratch/TryCompile-sgkKPF'
Building CXX object CMakeFiles/cmTC_5b3cb.dir/src.cxx.o
/usr/bin/c++ -DCOMPILER_HAS_DEPRECATED_ATTR  -std=gnu++11 -o CMakeFiles/cmTC_5b3cb.dir/src.cxx.o -c /home/dean/advancedMath/elipticCurves/build/CMakeFiles/CMakeScratch/TryCompile-sgkKPF/src.cxx
/home/dean/advancedMath/elipticCurves/build/CMakeFiles/CMakeScratch/TryCompile-sgkKPF/src.cxx: In function int main():
/home/dean/advancedMath/elipticCurves/build/CMakeFiles/CMakeScratch/TryCompile-sgkKPF/src.cxx:2:33: warning: int somefunc() is deprecated [-Wdeprecated-declarations]
    2 |     int main() { return somefunc();}
      |                         ~~~~~~~~^~
/home/dean/advancedMath/elipticCurves/build/CMakeFiles/CMakeScratch/TryCompile-sgkKPF/src.cxx:1:37: note: declared here
    1 | __attribute__((__deprecated__)) int somefunc() { return 0; }
      |                                     ^~~~~~~~
Linking CXX executable cmTC_5b3cb
/usr/bin/cmake -E cmake_link_script CMakeFiles/cmTC_5b3cb.dir/link.txt --verbose=1
/usr/bin/c++ CMakeFiles/cmTC_5b3cb.dir/src.cxx.o -o cmTC_5b3cb 
gmake[1]: Leaving directory '/home/dean/advancedMath/elipticCurves/build/CMakeFiles/CMakeScratch/TryCompile-sgkKPF'


Source file was:
__attribute__((__deprecated__)) int somefunc() { return 0; }
    int main() { return somefunc();}

Determining if the __fbufsize exist passed with the following output:
Change Dir: /home/dean/advancedMath/elipticCurves/build/CMakeFiles/CMakeScratch/TryCompile-rmRIY5

Run Build Command(s):/usr/bin/gmake -f Makefile cmTC_df6ec/fast && /usr/bin/gmake  -f CMakeFiles/cmTC_df6ec.dir/build.make CMakeFiles/cmTC_df6ec.dir/build
gmake[1]: Entering directory '/home/dean/advancedMath/elipticCurves/build/CMakeFiles/CMakeScratch/TryCompile-rmRIY5'
Building C object CMakeFiles/cmTC_df6ec.dir/CheckSymbolExists.c.o
/usr/bin/cc    -o CMakeFiles/cmTC_df6ec.dir/CheckSymbolExists.c.o -c /home/dean/advancedMath/elipticCurves/build/CMakeFiles/CMakeScratch/TryCompile-rmRIY5/CheckSymbolExists.c
Linking C executable cmTC_df6ec
/usr/bin/cmake -E cmake_link_script CMakeFiles/cmTC_df6ec.dir/link.txt --verbose=1
/usr/bin/cc CMakeFiles/cmTC_df6ec.dir/CheckSymbolExists.c.o -o cmTC_df6ec 
gmake[1]: Leaving directory '/home/dean/advancedMath/elipticCurves/build/CMakeFiles/CMakeScratch/TryCompile-rmRIY5'


File CheckSymbolExists.c:
/* */
#include <stdio_ext.h>

int main(int argc, char** argv)
{
  (void)argv;
#ifndef __fbufsize
  return ((int*)(&__fbufsize))[argc];
#else
  (void)argc;
  return 0;
#endif
}
